Initializing database...
Scanning for plugins in /Users/patricktallman/dev/projects/matika/plugins...
[PLUGIN:eyerate] Registering manifest entities...
EyeRate Plugin Loading...
EyeRate Plugin Loaded Successfully.
Successfully loaded plugin: [PLUGIN:eyerate] v0.0.1
Error cleaning test_Matika.log: time data 'test' does not match format '%Y%m%d'
Startup complete. Switching to application log.
INFO:     Started server process [2498]
INFO:     Waiting for application startup.
INFO:     Application startup complete.
INFO:     Uvicorn running on http://127.0.0.1:8000 (Press CTRL+C to quit)
DEBUG: AppLugService.discover scanning /Users/patricktallman/dev/projects/matika/plugins
DEBUG: plugins_dir exists. Contents: ['eyerate']
DEBUG: Checking entry: eyerate at /Users/patricktallman/dev/projects/matika/plugins/eyerate
DEBUG: Found manifest at /Users/patricktallman/dev/projects/matika/plugins/eyerate/applug.json
DEBUG: Processing plugin eyerate
DEBUG: entry_point=eyerate.plugin.EyeRatePlugin
DEBUG: module_path=eyerate.plugin, class_name=EyeRatePlugin
DEBUG: adding /Users/patricktallman/dev/projects/matika/plugins/eyerate/src to sys.path
DEBUG: module loaded: <module 'eyerate.plugin' from '/Users/patricktallman/dev/projects/matika/plugins/eyerate/src/eyerate/plugin.py'>
DEBUG: plugin_class: <class 'eyerate.plugin.EyeRatePlugin'>
INFO:     127.0.0.1:50131 - "POST /login HTTP/1.1" 303 See Other
INFO:     127.0.0.1:50132 - "GET /admin/securities HTTP/1.1" 500 Internal Server Error
ERROR:    Exception in ASGI application
Traceback (most recent call last):
  File "/Users/patricktallman/dev/projects/matika/.venv/lib/python3.14/site-packages/sqlalchemy/engine/base.py", line 1967, in _exec_single_context
    self.dialect.do_execute(
    ~~~~~~~~~~~~~~~~~~~~~~~^
        cursor, str_statement, effective_parameters, context
        ^^^^^^^^^^^^^^^^^^^^^^^^^^^^^^^^^^^^^^^^^^^^^^^^^^^^
    )
    ^
  File "/Users/patricktallman/dev/projects/matika/.venv/lib/python3.14/site-packages/sqlalchemy/engine/default.py", line 952, in do_execute
    cursor.execute(statement, parameters)
    ~~~~~~~~~~~~~~^^^^^^^^^^^^^^^^^^^^^^^
sqlite3.OperationalError: no such column: securities.financial_security_type

The above exception was the direct cause of the following exception:

Traceback (most recent call last):
  File "/Users/patricktallman/dev/projects/matika/.venv/lib/python3.14/site-packages/uvicorn/protocols/http/h11_impl.py", line 415, in run_asgi
    result = await app(  # type: ignore[func-returns-value]
             ^^^^^^^^^^^^^^^^^^^^^^^^^^^^^^^^^^^^^^^^^^^^^^
        self.scope, self.receive, self.send
        ^^^^^^^^^^^^^^^^^^^^^^^^^^^^^^^^^^^
    )
    ^
  File "/Users/patricktallman/dev/projects/matika/.venv/lib/python3.14/site-packages/uvicorn/middleware/proxy_headers.py", line 60, in __call__
    return await self.app(scope, receive, send)
           ^^^^^^^^^^^^^^^^^^^^^^^^^^^^^^^^^^^^
  File "/Users/patricktallman/dev/projects/matika/.venv/lib/python3.14/site-packages/fastapi/applications.py", line 1163, in __call__
    await super().__call__(scope, receive, send)
  File "/Users/patricktallman/dev/projects/matika/.venv/lib/python3.14/site-packages/starlette/applications.py", line 90, in __call__
    await self.middleware_stack(scope, receive, send)
  File "/Users/patricktallman/dev/projects/matika/.venv/lib/python3.14/site-packages/starlette/middleware/errors.py", line 186, in __call__
    raise exc
  File "/Users/patricktallman/dev/projects/matika/.venv/lib/python3.14/site-packages/starlette/middleware/errors.py", line 164, in __call__
    await self.app(scope, receive, _send)
  File "/Users/patricktallman/dev/projects/matika/.venv/lib/python3.14/site-packages/starlette/middleware/sessions.py", line 88, in __call__
    await self.app(scope, receive, send_wrapper)
  File "/Users/patricktallman/dev/projects/matika/.venv/lib/python3.14/site-packages/starlette/middleware/exceptions.py", line 63, in __call__
    await wrap_app_handling_exceptions(self.app, conn)(scope, receive, send)
  File "/Users/patricktallman/dev/projects/matika/.venv/lib/python3.14/site-packages/starlette/_exception_handler.py", line 53, in wrapped_app
    raise exc
  File "/Users/patricktallman/dev/projects/matika/.venv/lib/python3.14/site-packages/starlette/_exception_handler.py", line 42, in wrapped_app
    await app(scope, receive, sender)
  File "/Users/patricktallman/dev/projects/matika/.venv/lib/python3.14/site-packages/fastapi/middleware/asyncexitstack.py", line 18, in __call__
    await self.app(scope, receive, send)
  File "/Users/patricktallman/dev/projects/matika/.venv/lib/python3.14/site-packages/starlette/routing.py", line 660, in __call__
    await self.middleware_stack(scope, receive, send)
  File "/Users/patricktallman/dev/projects/matika/.venv/lib/python3.14/site-packages/starlette/routing.py", line 680, in app
    await route.handle(scope, receive, send)
  File "/Users/patricktallman/dev/projects/matika/.venv/lib/python3.14/site-packages/starlette/routing.py", line 276, in handle
    await self.app(scope, receive, send)
  File "/Users/patricktallman/dev/projects/matika/.venv/lib/python3.14/site-packages/fastapi/routing.py", line 134, in app
    await wrap_app_handling_exceptions(app, request)(scope, receive, send)
  File "/Users/patricktallman/dev/projects/matika/.venv/lib/python3.14/site-packages/starlette/_exception_handler.py", line 53, in wrapped_app
    raise exc
  File "/Users/patricktallman/dev/projects/matika/.venv/lib/python3.14/site-packages/starlette/_exception_handler.py", line 42, in wrapped_app
    await app(scope, receive, sender)
  File "/Users/patricktallman/dev/projects/matika/.venv/lib/python3.14/site-packages/fastapi/routing.py", line 120, in app
    response = await f(request)
               ^^^^^^^^^^^^^^^^
  File "/Users/patricktallman/dev/projects/matika/.venv/lib/python3.14/site-packages/fastapi/routing.py", line 674, in app
    raw_response = await run_endpoint_function(
                   ^^^^^^^^^^^^^^^^^^^^^^^^^^^^
    ...<3 lines>...
    )
    ^
  File "/Users/patricktallman/dev/projects/matika/.venv/lib/python3.14/site-packages/fastapi/routing.py", line 328, in run_endpoint_function
    return await dependant.call(**values)
           ^^^^^^^^^^^^^^^^^^^^^^^^^^^^^^
  File "/Users/patricktallman/dev/projects/matika/plugins/eyerate/src/eyerate/routes.py", line 20, in list_securities
    "title": "item_securities", "user": user, "securities": db.query(FinancialSecurity).all(),
                                                            ~~~~~~~~~~~~~~~~~~~~~~~~~~~~~~~^^
  File "/Users/patricktallman/dev/projects/matika/.venv/lib/python3.14/site-packages/sqlalchemy/orm/query.py", line 2711, in all
    return self._iter().all()  # type: ignore
           ~~~~~~~~~~^^
  File "/Users/patricktallman/dev/projects/matika/.venv/lib/python3.14/site-packages/sqlalchemy/orm/query.py", line 2864, in _iter
    result: Union[ScalarResult[_T], Result[_T]] = self.session.execute(
                                                  ~~~~~~~~~~~~~~~~~~~~^
        statement,
        ^^^^^^^^^^
        params,
        ^^^^^^^
        execution_options={"_sa_orm_load_options": self.load_options},
        ^^^^^^^^^^^^^^^^^^^^^^^^^^^^^^^^^^^^^^^^^^^^^^^^^^^^^^^^^^^^^^
    )
    ^
  File "/Users/patricktallman/dev/projects/matika/.venv/lib/python3.14/site-packages/sqlalchemy/orm/session.py", line 2351, in execute
    return self._execute_internal(
           ~~~~~~~~~~~~~~~~~~~~~~^
        statement,
        ^^^^^^^^^^
    ...<4 lines>...
        _add_event=_add_event,
        ^^^^^^^^^^^^^^^^^^^^^^
    )
    ^
  File "/Users/patricktallman/dev/projects/matika/.venv/lib/python3.14/site-packages/sqlalchemy/orm/session.py", line 2249, in _execute_internal
    result: Result[Any] = compile_state_cls.orm_execute_statement(
                          ~~~~~~~~~~~~~~~~~~~~~~~~~~~~~~~~~~~~~~~^
        self,
        ^^^^^
    ...<4 lines>...
        conn,
        ^^^^^
    )
    ^
  File "/Users/patricktallman/dev/projects/matika/.venv/lib/python3.14/site-packages/sqlalchemy/orm/context.py", line 306, in orm_execute_statement
    result = conn.execute(
        statement, params or {}, execution_options=execution_options
    )
  File "/Users/patricktallman/dev/projects/matika/.venv/lib/python3.14/site-packages/sqlalchemy/engine/base.py", line 1419, in execute
    return meth(
        self,
        distilled_parameters,
        execution_options or NO_OPTIONS,
    )
  File "/Users/patricktallman/dev/projects/matika/.venv/lib/python3.14/site-packages/sqlalchemy/sql/elements.py", line 527, in _execute_on_connection
    return connection._execute_clauseelement(
           ~~~~~~~~~~~~~~~~~~~~~~~~~~~~~~~~~^
        self, distilled_params, execution_options
        ^^^^^^^^^^^^^^^^^^^^^^^^^^^^^^^^^^^^^^^^^
    )
    ^
  File "/Users/patricktallman/dev/projects/matika/.venv/lib/python3.14/site-packages/sqlalchemy/engine/base.py", line 1641, in _execute_clauseelement
    ret = self._execute_context(
        dialect,
    ...<8 lines>...
        cache_hit=cache_hit,
    )
  File "/Users/patricktallman/dev/projects/matika/.venv/lib/python3.14/site-packages/sqlalchemy/engine/base.py", line 1846, in _execute_context
    return self._exec_single_context(
           ~~~~~~~~~~~~~~~~~~~~~~~~~^
        dialect, context, statement, parameters
        ^^^^^^^^^^^^^^^^^^^^^^^^^^^^^^^^^^^^^^^
    )
    ^
  File "/Users/patricktallman/dev/projects/matika/.venv/lib/python3.14/site-packages/sqlalchemy/engine/base.py", line 1986, in _exec_single_context
    self._handle_dbapi_exception(
    ~~~~~~~~~~~~~~~~~~~~~~~~~~~~^
        e, str_statement, effective_parameters, cursor, context
        ^^^^^^^^^^^^^^^^^^^^^^^^^^^^^^^^^^^^^^^^^^^^^^^^^^^^^^^
    )
    ^
  File "/Users/patricktallman/dev/projects/matika/.venv/lib/python3.14/site-packages/sqlalchemy/engine/base.py", line 2363, in _handle_dbapi_exception
    raise sqlalchemy_exception.with_traceback(exc_info[2]) from e
  File "/Users/patricktallman/dev/projects/matika/.venv/lib/python3.14/site-packages/sqlalchemy/engine/base.py", line 1967, in _exec_single_context
    self.dialect.do_execute(
    ~~~~~~~~~~~~~~~~~~~~~~~^
        cursor, str_statement, effective_parameters, context
        ^^^^^^^^^^^^^^^^^^^^^^^^^^^^^^^^^^^^^^^^^^^^^^^^^^^^
    )
    ^
  File "/Users/patricktallman/dev/projects/matika/.venv/lib/python3.14/site-packages/sqlalchemy/engine/default.py", line 952, in do_execute
    cursor.execute(statement, parameters)
    ~~~~~~~~~~~~~~^^^^^^^^^^^^^^^^^^^^^^^
sqlalchemy.exc.OperationalError: (sqlite3.OperationalError) no such column: securities.financial_security_type
[SQL: SELECT securities.id AS securities_id, securities.symbol AS securities_symbol, securities.name AS securities_name, securities.financial_security_type AS securities_financial_security_type, securities.asset_class AS securities_asset_class, securities.previous_close AS securities_previous_close, securities.open_price AS securities_open_price, securities.current_price AS securities_current_price, securities.nav AS securities_nav, securities.range_52_week AS securities_range_52_week, securities.avg_volume AS securities_avg_volume, securities.yield_30_day AS securities_yield_30_day, securities.yield_7_day AS securities_yield_7_day 
FROM securities]
(Background on this error at: https://sqlalche.me/e/20/e3q8)
